{
  message: { error: 'User already exists' },
  level: 'error',
  service: 'user-service',
  timestamp: '2025-07-25T05:08:36.092Z'
}
{
  message: { error: 'User already exists' },
  level: 'error',
  service: 'user-service',
  timestamp: '2025-07-25T05:09:51.037Z'
}
{
  message: { error: 'User already exists' },
  level: 'error',
  service: 'user-service',
  timestamp: '2025-07-25T05:10:01.000Z'
}
{
  service: 'user-service',
  code: 'ERR_HTTP_HEADERS_SENT',
  level: 'error',
  message: 'Internal Server Error: Cannot set headers after they are sent to the client',
  stack: 'Error [ERR_HTTP_HEADERS_SENT]: Cannot set headers after they are sent to the client\n' +
    '    at ServerResponse.setHeader (node:_http_outgoing:700:11)\n' +
    '    at ServerResponse.header (/home/Ram/Documents/Task_3/node_modules/express/lib/response.js:684:10)\n' +
    '    at ServerResponse.send (/home/Ram/Documents/Task_3/node_modules/express/lib/response.js:161:12)\n' +
    '    at ServerResponse.json (/home/Ram/Documents/Task_3/node_modules/express/lib/response.js:250:15)\n' +
    '    at getUser (file:///home/Ram/Documents/Task_3/controller/userController.js:35:32)\n' +
    '    at process.processTicksAndRejections (node:internal/process/task_queues:105:5)',
  timestamp: '2025-07-25T08:18:39.719Z'
}
{
  message: { error: 'User already exists' },
  level: 'error',
  service: 'user-service',
  timestamp: '2025-07-25T08:26:24.782Z'
}
{
  message: { error: 'Invalid Password' },
  level: 'error',
  service: 'user-service',
  timestamp: '2025-07-27T22:18:27.225Z'
}
